<?xml version="1.0" encoding="utf-8"?>
<coverage line-rate="0.8885" branch-rate="0.6970999999999999" version="1.9" timestamp="1781586253" lines-covered="2240" lines-valid="2521" branches-covered="847" branches-valid="1215">
  <sources>
    <source>C:\Games\NES Projects\NEShim\NEShim\</source>
  </sources>
  <packages>
    <package name="NEShim.AchievementSigning" line-rate="1" branch-rate="1" complexity="14">
      <classes>
        <class name="NEShim.Achievements.AchievementDef" filename="NEShim.AchievementSigning\AchievementDef.cs" line-rate="1" branch-rate="1" complexity="8">
          <methods>
            <method name="get_SteamId" signature="()" line-rate="1" branch-rate="1" complexity="1">
              <lines>
                <line number="9" hits="329" branch="False" />
              </lines>
            </method>
            <method name="get_Address" signature="()" line-rate="1" branch-rate="1" complexity="1">
              <lines>
                <line number="12" hits="193" branch="False" />
              </lines>
            </method>
            <method name="get_Bytes" signature="()" line-rate="1" branch-rate="1" complexity="1">
              <lines>
                <line number="18" hits="281" branch="False" />
              </lines>
            </method>
            <method name="get_BigEndian" signature="()" line-rate="1" branch-rate="1" complexity="1">
              <lines>
                <line number="25" hits="236" branch="False" />
              </lines>
            </method>
            <method name="get_Encoding" signature="()" line-rate="1" branch-rate="1" complexity="1">
              <lines>
                <line number="32" hits="279" branch="False" />
              </lines>
            </method>
            <method name="get_Comparison" signature="()" line-rate="1" branch-rate="1" complexity="1">
              <lines>
                <line number="38" hits="280" branch="False" />
              </lines>
            </method>
            <method name="get_Value" signature="()" line-rate="1" branch-rate="1" complexity="1">
              <lines>
                <line number="41" hits="196" branch="False" />
              </lines>
            </method>
            <method name="get_Sig" signature="()" line-rate="1" branch-rate="1" complexity="1">
              <lines>
                <line number="48" hits="129" branch="False" />
              </lines>
            </method>
          </methods>
          <lines>
            <line number="9" hits="329" branch="False" />
            <line number="12" hits="193" branch="False" />
            <line number="18" hits="281" branch="False" />
            <line number="25" hits="236" branch="False" />
            <line number="32" hits="279" branch="False" />
            <line number="38" hits="280" branch="False" />
            <line number="41" hits="196" branch="False" />
            <line number="48" hits="129" branch="False" />
          </lines>
        </class>
        <class name="NEShim.Achievements.AchievementSigner" filename="NEShim.AchievementSigning\AchievementSigner.cs" line-rate="1" branch-rate="1" complexity="4">
          <methods>
            <method name="Canonical" signature="(NEShim.Achievements.AchievementDef)" line-rate="1" branch-rate="1" complexity="1">
              <lines>
                <line number="29" hits="75" branch="False" />
                <line number="30" hits="75" branch="False" />
              </lines>
            </method>
            <method name="ComputeSig" signature="(NEShim.Achievements.AchievementDef,System.String)" line-rate="1" branch-rate="1" complexity="1">
              <lines>
                <line number="38" hits="48" branch="False" />
                <line number="39" hits="48" branch="False" />
                <line number="40" hits="48" branch="False" />
                <line number="41" hits="48" branch="False" />
                <line number="42" hits="48" branch="False" />
                <line number="43" hits="48" branch="False" />
                <line number="44" hits="48" branch="False" />
                <line number="45" hits="48" branch="False" />
                <line number="46" hits="48" branch="False" />
                <line number="47" hits="48" branch="False" />
              </lines>
            </method>
            <method name="Verify" signature="(NEShim.Achievements.AchievementDef,System.String)" line-rate="1" branch-rate="1" complexity="2">
              <lines>
                <line number="55" hits="31" branch="False" />
                <line number="56" hits="34" branch="True" condition-coverage="100% (2/2)">
                  <conditions>
                    <condition number="14" type="jump" coverage="100%" />
                  </conditions>
                </line>
                <line number="59" hits="28" branch="False" />
                <line number="60" hits="28" branch="False" />
                <line number="61" hits="27" branch="False" />
                <line number="62" hits="27" branch="False" />
                <line number="63" hits="27" branch="False" />
                <line number="64" hits="27" branch="False" />
                <line number="65" hits="27" branch="False" />
                <line number="66" hits="27" branch="False" />
                <line number="67" hits="27" branch="False" />
                <line number="68" hits="27" branch="False" />
                <line number="70" hits="1" branch="False" />
                <line number="71" hits="1" branch="False" />
                <line number="72" hits="1" branch="False" />
                <line number="74" hits="31" branch="False" />
              </lines>
            </method>
          </methods>
          <lines>
            <line number="29" hits="75" branch="False" />
            <line number="30" hits="75" branch="False" />
            <line number="38" hits="48" branch="False" />
            <line number="39" hits="48" branch="False" />
            <line number="40" hits="48" branch="False" />
            <line number="41" hits="48" branch="False" />
            <line number="42" hits="48" branch="False" />
            <line number="43" hits="48" branch="False" />
            <line number="44" hits="48" branch="False" />
            <line number="45" hits="48" branch="False" />
            <line number="46" hits="48" branch="False" />
            <line number="47" hits="48" branch="False" />
            <line number="55" hits="31" branch="False" />
            <line number="56" hits="34" branch="True" condition-coverage="100% (2/2)">
              <conditions>
                <condition number="14" type="jump" coverage="100%" />
              </conditions>
            </line>
            <line number="59" hits="28" branch="False" />
            <line number="60" hits="28" branch="False" />
            <line number="61" hits="27" branch="False" />
            <line number="62" hits="27" branch="False" />
            <line number="63" hits="27" branch="False" />
            <line number="64" hits="27" branch="False" />
            <line number="65" hits="27" branch="False" />
            <line number="66" hits="27" branch="False" />
            <line number="67" hits="27" branch="False" />
            <line number="68" hits="27" branch="False" />
            <line number="70" hits="1" branch="False" />
            <line number="71" hits="1" branch="False" />
            <line number="72" hits="1" branch="False" />
            <line number="74" hits="31" branch="False" />
          </lines>
        </class>
        <class name="NEShim.Achievements.GameAchievementConfig" filename="NEShim.AchievementSigning\GameAchievementConfig.cs" line-rate="1" branch-rate="1" complexity="2">
          <methods>
            <method name="get_MemoryDomain" signature="()" line-rate="1" branch-rate="1" complexity="1">
              <lines>
                <line number="13" hits="85" branch="False" />
              </lines>
            </method>
            <method name="get_Achievements" signature="()" line-rate="1" branch-rate="1" complexity="1">
              <lines>
                <line number="16" hits="161" branch="False" />
              </lines>
            </method>
          </methods>
          <lines>
            <line number="13" hits="85" branch="False" />
            <line number="16" hits="161" branch="False" />
          </lines>
        </class>
      </classes>
    </package>
    <package name="NEShim" line-rate="0.8859999999999999" branch-rate="0.6951" complexity="1489">
      <classes>
        <class name="NEShim.Logger" filename="NEShim\Logger.cs" line-rate="0.9166" branch-rate="1" complexity="6">
          <methods>
            <method name="Reset" signature="(System.String)" line-rate="1" branch-rate="1" complexity="1">
              <lines>
                <line number="21" hits="29" branch="False" />
                <line number="22" hits="29" branch="False" />
                <line number="23" hits="29" branch="False" />
                <line number="24" hits="29" branch="False" />
                <line number="25" hits="29" branch="False" />
                <line number="26" hits="29" branch="False" />
                <line number="27" hits="29" branch="False" />
              </lines>
            </method>
            <method name="get_IsEnabled" signature="()" line-rate="0" branch-rate="1" complexity="1">
              <lines>
                <line number="33" hits="0" branch="False" />
              </lines>
            </method>
            <method name="Enable" signature="()" line-rate="1" branch-rate="1" complexity="1">
              <lines>
                <line number="36" hits="13" branch="False" />
                <line number="37" hits="13" branch="False" />
                <line number="38" hits="13" branch="False" />
                <line number="39" hits="13" branch="False" />
              </lines>
            </method>
            <method name="Log" signature="(System.String)" line-rate="0.8887999999999999" branch-rate="1" complexity="2">
              <lines>
                <line number="46" hits="165" branch="False" />
                <line number="47" hits="307" branch="True" condition-coverage="100% (2/2)">
                  <conditions>
                    <condition number="13" type="jump" coverage="100%" />
                  </conditions>
                </line>
                <line number="49" hits="23" branch="False" />
                <line number="51" hits="23" branch="False" />
                <line number="52" hits="23" branch="False" />
                <line number="53" hits="23" branch="False" />
                <line number="54" hits="23" branch="False" />
                <line number="55" hits="0" branch="False" />
                <line number="56" hits="165" branch="False" />
              </lines>
            </method>
            <method name=".cctor" signature="()" line-rate="1" branch-rate="1" complexity="1">
              <lines>
                <line number="10" hits="1" branch="False" />
                <line number="11" hits="1" branch="False" />
                <line number="13" hits="1" branch="False" />
              </lines>
            </method>
          </methods>
          <lines>
            <line number="21" hits="29" branch="False" />
            <line number="22" hits="29" branch="False" />
            <line number="23" hits="29" branch="False" />
            <line number="24" hits="29" branch="False" />
            <line number="25" hits="29" branch="False" />
            <line number="26" hits="29" branch="False" />
            <line number="27" hits="29" branch="False" />
            <line number="33" hits="0" branch="False" />
            <line number="36" hits="13" branch="False" />
            <line number="37" hits="13" branch="False" />
            <line number="38" hits="13" branch="False" />
            <line number="39" hits="13" branch="False" />
            <line number="46" hits="165" branch="False" />
            <line number="47" hits="307" branch="True" condition-coverage="100% (2/2)">
              <conditions>
                <condition number="13" type="jump" coverage="100%" />
              </conditions>
            </line>
            <line number="49" hits="23" branch="False" />
            <line number="51" hits="23" branch="False" />
            <line number="52" hits="23" branch="False" />
            <line number="53" hits="23" branch="False" />
            <line number="54" hits="23" branch="False" />
            <line number="55" hits="0" branch="False" />
            <line number="56" hits="165" branch="False" />
            <line number="10" hits="1" branch="False" />
            <line number="11" hits="1" branch="False" />
            <line number="13" hits="1" branch="False" />
          </lines>
        </class>
        <class name="NEShim.UI.InGameMenu" filename="NEShim\UI\InGameMenu.cs" line-rate="0.9262" branch-rate="0.7784" complexity="190">
          <methods>
            <method name="get_IsOpen" signature="()" line-rate="1" branch-rate="1" complexity="1">
              <lines>
                <line number="37" hits="957" branch="False" />
              </lines>
            </method>
            <method name="get_Current" signature="()" line-rate="1" branch-rate="1" complexity="1">
              <lines>
                <line number="38" hits="3499" branch="False" />
              </lines>
            </method>
            <method name="get_SelectedItem" signature="()" line-rate="1" branch-rate="1" complexity="1">
              <lines>
                <line number="39" hits="1672" branch="False" />
              </lines>
            </method>
            <method name="get_RebindingAction" signature="()" line-rate="1" branch-rate="1" complexity="1">
              <lines>
                <line number="41" hits="864" branch="False" />
              </lines>
            </method>
            <method name="get_GamepadRebindingAction" signature="()" line-rate="1" branch-rate="1" complexity="1">
              <lines>
                <line number="42" hits="772" branch="False" />
              </lines>
            </method>
            <method name="get_IsGamepadRebinding" signature="()" line-rate="1" branch-rate="1" complexity="1">
              <lines>
                <line number="43" hits="46" branch="False" />
              </lines>
            </method>
            <method name="get_OverrideStartBindingProtection" signature="()" line-rate="1" branch-rate="1" complexity="1">
              <lines>
                <line number="44" hits="1" branch="False" />
              </lines>
            </method>
            <method name="get_OpenMenuBindingIndex" signature="()" line-rate="1" branch-rate="1" complexity="1">
              <lines>
                <line number="45" hits="10" branch="False" />
              </lines>
            </method>
            <method name="get_CurrentOpenMenuBinding" signature="()" line-rate="0" branch-rate="1" complexity="1">
              <lines>
                <line number="46" hits="0" branch="False" />
              </lines>
            </method>
            <method name="get_ActiveNesButton" signature="()" line-rate="0.7857" branch-rate="0.7142000000000001" complexity="14">
              <lines>
                <line number="55" hits="5" branch="False" />
                <line number="56" hits="5" branch="True" condition-coverage="100% (2/2)">
                  <conditions>
                    <condition number="8" type="jump" coverage="100%" />
                  </conditions>
                </line>
                <line number="57" hits="5" branch="True" condition-coverage="100% (2/2)">
                  <conditions>
                    <condition number="24" type="jump" coverage="100%" />
                  </conditions>
                </line>
                <line number="58" hits="2" branch="True" condition-coverage="50% (1/2)">
                  <conditions>
                    <condition number="32" type="jump" coverage="50%" />
                  </conditions>
                </line>
                <line number="60" hits="3" branch="True" condition-coverage="100% (2/2)">
                  <conditions>
                    <condition number="52" type="jump" coverage="100%" />
                  </conditions>
                </line>
                <line number="61" hits="2" branch="False" />
                <line number="62" hits="2" branch="False" />
                <line number="63" hits="2" branch="True" condition-coverage="100% (2/2)">
                  <conditions>
                    <condition number="86" type="jump" coverage="100%" />
                  </conditions>
                </line>
                <line number="65" hits="1" branch="True" condition-coverage="50% (1/2)">
                  <conditions>
                    <condition number="109" type="jump" coverage="50%" />
                  </conditions>
                </line>
                <line number="66" hits="0" branch="False" />
                <line number="67" hits="0" branch="False" />
                <line number="68" hits="0" branch="True" condition-coverage="0% (0/2)">
                  <conditions>
                    <condition number="143" type="jump" coverage="0%" />
                  </conditions>
                </line>
                <line number="70" hits="1" branch="False" />
                <line number="71" hits="5" branch="False" />
              </lines>
            </method>
            <method name="IsNesButtonKey" signature="(System.String)" line-rate="1" branch-rate="0.6842" complexity="38">
              <lines>
                <line number="75" hits="4" branch="True" condition-coverage="68.42% (26/38)">
                  <conditions>
                    <condition number="13" type="jump" coverage="100%" />
                    <condition number="21" type="jump" coverage="50%" />
                    <condition number="29" type="jump" coverage="0%" />
                    <condition number="55" type="jump" coverage="50%" />
                    <condition number="81" type="jump" coverage="50%" />
                    <condition number="89" type="jump" coverage="0%" />
                    <condition number="112" type="jump" coverage="50%" />
                    <condition number="42" type="jump" coverage="50%" />
                    <condition number="99" type="jump" coverage="50%" />
                    <condition number="65" type="jump" coverage="50%" />
                    <condition number="122" type="jump" coverage="50%" />
                    <condition number="137" type="jump" coverage="100%" />
                    <condition number="152" type="jump" coverage="100%" />
                    <condition number="167" type="jump" coverage="100%" />
                    <condition number="182" type="jump" coverage="100%" />
                    <condition number="197" type="jump" coverage="100%" />
                    <condition number="212" type="jump" coverage="100%" />
                    <condition number="227" type="jump" coverage="100%" />
                    <condition number="242" type="jump" coverage="100%" />
                  </conditions>
                </line>
                <line number="76" hits="4" branch="False" />
              </lines>
            </method>
            <method name="get_FrozenFrame" signature="()" line-rate="1" branch-rate="1" complexity="1">
              <lines>
                <line number="78" hits="115" branch="False" />
              </lines>
            </method>
            <method name="get_Localization" signature="()" line-rate="1" branch-rate="1" complexity="1">
              <lines>
                <line number="81" hits="40" branch="False" />
              </lines>
            </method>
            <method name="BuildHandlers" signature="()" line-rate="1" branch-rate="1" complexity="1">
              <lines>
                <line number="122" hits="119" branch="False" />
                <line number="123" hits="119" branch="False" />
                <line number="124" hits="119" branch="False" />
                <line number="125" hits="119" branch="False" />
                <line number="126" hits="119" branch="False" />
                <line number="127" hits="119" branch="False" />
                <line number="128" hits="119" branch="False" />
                <line number="129" hits="119" branch="False" />
                <line number="130" hits="119" branch="False" />
                <line number="131" hits="119" branch="False" />
                <line number="132" hits="119" branch="False" />
                <line number="133" hits="4" branch="False" />
                <line number="134" hits="119" branch="False" />
                <line number="135" hits="119" branch="False" />
                <line number="136" hits="4" branch="False" />
                <line number="137" hits="119" branch="False" />
                <line number="138" hits="119" branch="False" />
                <line number="139" hits="4" branch="False" />
                <line number="140" hits="119" branch="False" />
                <line number="141" hits="119" branch="False" />
              </lines>
            </method>
            <method name="Open" signature="(System.Int32[],NEShim.UI.InGameMenu/Screen)" line-rate="1" branch-rate="1" complexity="4">
              <lines>
                <line number="146" hits="116" branch="False" />
                <line number="147" hits="117" branch="True" condition-coverage="100% (2/2)">
                  <conditions>
                    <condition number="9" type="jump" coverage="100%" />
                  </conditions>
                </line>
                <line number="148" hits="115" branch="False" />
                <line number="149" hits="115" branch="False" />
                <line number="150" hits="115" branch="False" />
                <line number="151" hits="115" branch="False" />
                <line number="152" hits="115" branch="False" />
                <line number="153" hits="115" branch="True" condition-coverage="100% (2/2)">
                  <conditions>
                    <condition number="60" type="jump" coverage="100%" />
                  </conditions>
                </line>
                <line number="154" hits="116" branch="False" />
              </lines>
            </method>
            <method name="Close" signature="()" line-rate="1" branch-rate="1" complexity="4">
              <lines>
                <line number="157" hits="14" branch="False" />
                <line number="158" hits="15" branch="True" condition-coverage="100% (2/2)">
                  <conditions>
                    <condition number="12" type="jump" coverage="100%" />
                  </conditions>
                </line>
                <line number="159" hits="13" branch="False" />
                <line number="160" hits="13" branch="False" />
                <line number="161" hits="13" branch="False" />
                <line number="162" hits="13" branch="True" condition-coverage="100% (2/2)">
                  <conditions>
                    <condition number="47" type="jump" coverage="100%" />
                  </conditions>
                </line>
                <line number="163" hits="14" branch="False" />
              </lines>
            </method>
            <method name="HandleKey" signature="(System.Windows.Forms.Keys)" line-rate="0.9722" branch-rate="0.9209999999999999" complexity="38">
              <lines>
                <line number="168" hits="669" branch="False" />
                <line number="169" hits="670" branch="True" condition-coverage="100% (2/2)">
                  <conditions>
                    <condition number="12" type="jump" coverage="100%" />
                  </conditions>
                </line>
                <line number="170" hits="668" branch="True" condition-coverage="50% (1/2)">
                  <conditions>
                    <condition number="33" type="jump" coverage="50%" />
                  </conditions>
                </line>
                <line number="172" hits="668" branch="True" condition-coverage="100% (2/2)">
                  <conditions>
                    <condition number="53" type="jump" coverage="100%" />
                  </conditions>
                </line>
                <line number="173" hits="3" branch="False" />
                <line number="174" hits="3" branch="True" condition-coverage="100% (2/2)">
                  <conditions>
                    <condition number="65" type="jump" coverage="100%" />
                  </conditions>
                </line>
                <line number="175" hits="1" branch="False" />
                <line number="177" hits="2" branch="False" />
                <line number="178" hits="2" branch="False" />
                <line number="179" hits="2" branch="False" />
                <line number="180" hits="2" branch="False" />
                <line number="181" hits="2" branch="False" />
                <line number="182" hits="3" branch="False" />
                <line number="185" hits="665" branch="True" condition-coverage="100% (2/2)">
                  <conditions>
                    <condition number="150" type="jump" coverage="100%" />
                  </conditions>
                </line>
                <line number="186" hits="1" branch="False" />
                <line number="187" hits="2" branch="True" condition-coverage="100% (2/2)">
                  <conditions>
                    <condition number="162" type="jump" coverage="100%" />
                  </conditions>
                </line>
                <line number="188" hits="1" branch="False" />
                <line number="191" hits="664" branch="True" condition-coverage="100% (4/4)">
                  <conditions>
                    <condition number="186" type="jump" coverage="100%" />
                    <condition number="204" type="jump" coverage="100%" />
                  </conditions>
                </line>
                <line number="192" hits="8" branch="False" />
                <line number="193" hits="14" branch="True" condition-coverage="100% (2/2)">
                  <conditions>
                    <condition number="216" type="jump" coverage="100%" />
                  </conditions>
                </line>
                <line number="194" hits="12" branch="True" condition-coverage="100% (2/2)">
                  <conditions>
                    <condition number="244" type="jump" coverage="100%" />
                  </conditions>
                </line>
                <line number="195" hits="4" branch="False" />
                <line number="197" hits="660" branch="True" condition-coverage="85.71% (12/14)">
                  <conditions>
                    <condition number="274" type="jump" coverage="100%" />
                    <condition number="280" type="jump" coverage="100%" />
                    <condition number="288" type="jump" coverage="100%" />
                    <condition number="304" type="jump" coverage="100%" />
                    <condition number="312" type="jump" coverage="100%" />
                    <condition number="296" type="jump" coverage="50%" />
                    <condition number="320" type="jump" coverage="50%" />
                  </conditions>
                </line>
                <line number="200" hits="3" branch="True" condition-coverage="100% (2/2)">
                  <conditions>
                    <condition number="337" type="jump" coverage="100%" />
                  </conditions>
                </line>
                <line number="201" hits="1" branch="False" />
                <line number="203" hits="2" branch="False" />
                <line number="204" hits="3" branch="False" />
                <line number="207" hits="3" branch="False" />
                <line number="208" hits="3" branch="False" />
                <line number="211" hits="480" branch="False" />
                <line number="212" hits="480" branch="False" />
                <line number="217" hits="174" branch="True" condition-coverage="100% (2/2)">
                  <conditions>
                    <condition number="410" type="jump" coverage="100%" />
                  </conditions>
                </line>
                <line number="218" hits="174" branch="False" />
                <line number="219" hits="174" branch="False" />
                <line number="221" hits="0" branch="False" />
                <line number="222" hits="669" branch="False" />
              </lines>
            </method>
            <method name="HandleGamepadButtonPress" signature="(System.String)" line-rate="1" branch-rate="1" complexity="8">
              <lines>
                <line number="232" hits="6" branch="False" />
                <line number="233" hits="7" branch="True" condition-coverage="100% (2/2)">
                  <conditions>
                    <condition number="12" type="jump" coverage="100%" />
                  </conditions>
                </line>
                <line number="235" hits="5" branch="True" condition-coverage="100% (2/2)">
                  <conditions>
                    <condition number="39" type="jump" coverage="100%" />
                  </conditions>
                </line>
                <line number="236" hits="1" branch="False" />
                <line number="237" hits="1" branch="False" />
                <line number="238" hits="1" branch="False" />
                <line number="239" hits="1" branch="False" />
                <line number="240" hits="1" branch="False" />
                <line number="243" hits="4" branch="True" condition-coverage="100% (4/4)">
                  <conditions>
                    <condition number="100" type="jump" coverage="100%" />
                    <condition number="121" type="jump" coverage="100%" />
                  </conditions>
                </line>
                <line number="244" hits="1" branch="False" />
                <line number="245" hits="1" branch="False" />
                <line number="246" hits="1" branch="False" />
                <line number="248" hits="3" branch="False" />
                <line number="249" hits="3" branch="False" />
                <line number="250" hits="3" branch="False" />
                <line number="251" hits="3" branch="False" />
                <line number="252" hits="6" branch="False" />
              </lines>
            </method>
            <method name="HandleGamepadNav" signature="(NEShim.Input.MenuNavInput)" line-rate="0.95" branch-rate="0.9666" complexity="30">
              <lines>
                <line number="255" hits="11" branch="False" />
                <line number="256" hits="13" branch="True" condition-coverage="100% (4/4)">
                  <conditions>
                    <condition number="7" type="jump" coverage="100%" />
                    <condition number="24" type="jump" coverage="100%" />
                  </conditions>
                </line>
                <line number="257" hits="9" branch="True" condition-coverage="100% (2/2)">
                  <conditions>
                    <condition number="43" type="jump" coverage="100%" />
                  </conditions>
                </line>
                <line number="258" hits="11" branch="True" condition-coverage="100% (4/4)">
                  <conditions>
                    <condition number="56" type="jump" coverage="100%" />
                    <condition number="72" type="jump" coverage="100%" />
                  </conditions>
                </line>
                <line number="260" hits="7" branch="True" condition-coverage="100% (4/4)">
                  <conditions>
                    <condition number="86" type="jump" coverage="100%" />
                    <condition number="102" type="jump" coverage="100%" />
                  </conditions>
                </line>
                <line number="261" hits="2" branch="False" />
                <line number="262" hits="5" branch="True" condition-coverage="100% (2/2)">
                  <conditions>
                    <condition number="116" type="jump" coverage="100%" />
                  </conditions>
                </line>
                <line number="263" hits="4" branch="True" condition-coverage="50% (1/2)">
                  <conditions>
                    <condition number="144" type="jump" coverage="50%" />
                  </conditions>
                </line>
                <line number="264" hits="0" branch="False" />
                <line number="266" hits="6" branch="True" condition-coverage="100% (2/2)">
                  <conditions>
                    <condition number="172" type="jump" coverage="100%" />
                  </conditions>
                </line>
                <line number="267" hits="6" branch="True" condition-coverage="100% (2/2)">
                  <conditions>
                    <condition number="193" type="jump" coverage="100%" />
                  </conditions>
                </line>
                <line number="269" hits="5" branch="True" condition-coverage="100% (4/4)">
                  <conditions>
                    <condition number="210" type="jump" coverage="100%" />
                    <condition number="231" type="jump" coverage="100%" />
                  </conditions>
                </line>
                <line number="270" hits="1" branch="False" />
                <line number="272" hits="5" branch="True" condition-coverage="100% (2/2)">
                  <conditions>
                    <condition number="251" type="jump" coverage="100%" />
                  </conditions>
                </line>
                <line number="273" hits="2" branch="False" />
                <line number="274" hits="2" branch="True" condition-coverage="100% (2/2)">
                  <conditions>
                    <condition number="267" type="jump" coverage="100%" />
                  </conditions>
                </line>
                <line number="275" hits="1" branch="False" />
                <line number="277" hits="1" branch="False" />
                <line number="278" hits="2" branch="False" />
                <line number="279" hits="11" branch="False" />
              </lines>
            </method>
            <method name="AdjustVolume" signature="(System.Int32)" line-rate="1" branch-rate="1" complexity="2">
              <lines>
                <line number="284" hits="6" branch="False" />
                <line number="285" hits="6" branch="False" />
                <line number="286" hits="8" branch="True" condition-coverage="100% (2/2)">
                  <conditions>
                    <condition number="39" type="jump" coverage="100%" />
                  </conditions>
                </line>
                <line number="287" hits="4" branch="False" />
                <line number="288" hits="4" branch="False" />
                <line number="289" hits="6" branch="False" />
              </lines>
            </method>
            <method name="MoveCursor" signature="(System.Int32)" line-rate="1" branch-rate="1" complexity="4">
              <lines>
                <line number="292" hits="485" branch="False" />
                <line number="293" hits="485" branch="False" />
                <line number="294" hits="485" branch="False" />
                <line number="295" hits="1112" branch="True" condition-coverage="100% (2/2)">
                  <conditions>
                    <condition number="65" type="jump" coverage="100%" />
                  </conditions>
                </line>
                <line number="296" hits="556" branch="False" />
                <line number="297" hits="556" branch="False" />
                <line number="298" hits="556" branch="True" condition-coverage="100% (2/2)">
                  <conditions>
                    <condition number="39" type="jump" coverage="100%" />
                  </conditions>
                </line>
                <line number="299" hits="485" branch="False" />
                <line number="300" hits="485" branch="False" />
                <line number="301" hits="485" branch="False" />
                <line number="303" hits="71" branch="False" />
                <line number="304" hits="485" branch="False" />
              </lines>
            </method>
            <method name="NavigateTo" signature="(NEShim.UI.InGameMenu/Screen)" line-rate="0.8332999999999999" branch-rate="0.5" complexity="2">
              <lines>
                <line number="307" hits="145" branch="False" />
                <line number="308" hits="145" branch="False" />
                <line number="309" hits="145" branch="False" />
                <line number="310" hits="145" branch="True" condition-coverage="50% (1/2)">
                  <conditions>
                    <condition number="29" type="jump" coverage="50%" />
                  </conditions>
                </line>
                <line number="311" hits="0" branch="False" />
                <line number="312" hits="145" branch="False" />
              </lines>
            </method>
            <method name="ActivateCurrent" signature="()" line-rate="1" branch-rate="1" complexity="1">
              <lines>
                <line number="314" hits="175" branch="False" />
              </lines>
            </method>
            <method name="ItemCount" signature="()" line-rate="1" branch-rate="0.5" complexity="2">
              <lines>
                <line number="316" hits="485" branch="True" condition-coverage="50% (1/2)">
                  <conditions>
                    <condition number="19" type="jump" coverage="50%" />
                  </conditions>
                </line>
              </lines>
            </method>
            <method name="ParentScreen" signature="(NEShim.UI.InGameMenu/Screen)" line-rate="0.3846" branch-rate="0.2" complexity="10">
              <lines>
                <line number="318" hits="3" branch="True" condition-coverage="20% (2/10)">
                  <conditions>
                    <condition number="7" type="switch" coverage="20%" />
                  </conditions>
                </line>
                <line number="319" hits="3" branch="False" />
                <line number="320" hits="2" branch="False" />
                <line number="321" hits="0" branch="False" />
                <line number="322" hits="0" branch="False" />
                <line number="323" hits="0" branch="False" />
                <line number="324" hits="0" branch="False" />
                <line number="325" hits="0" branch="False" />
                <line number="326" hits="0" branch="False" />
                <line number="327" hits="0" branch="False" />
                <line number="328" hits="1" branch="False" />
                <line number="329" hits="0" branch="False" />
                <line number="330" hits="3" branch="False" />
              </lines>
            </method>
            <method name="IsItemEnabled" signature="(System.Int32)" line-rate="1" branch-rate="0.5" complexity="2">
              <lines>
                <line number="335" hits="921" branch="True" condition-coverage="50% (1/2)">
                  <conditions>
                    <condition number="19" type="jump" coverage="50%" />
                  </conditions>
                </line>
              </lines>
            </method>
            <method name="GetCurrentItems" signature="()" line-rate="1" branch-rate="0.5" complexity="2">
              <lines>
                <line number="338" hits="35" branch="True" condition-coverage="50% (1/2)">
                  <conditions>
                    <condition number="19" type="jump" coverage="50%" />
                  </conditions>
                </line>
              </lines>
            </method>
            <method name="GetTitle" signature="()" line-rate="1" branch-rate="0.5" complexity="2">
              <lines>
                <line number="341" hits="23" branch="True" condition-coverage="50% (1/2)">
                  <conditions>
                    <condition number="19" type="jump" coverage="50%" />
                  </conditions>
                </line>
              </lines>
            </method>
            <method name="KeyboardLabel" signature="(System.String)" line-rate="1" branch-rate="0.5" complexity="4">
              <lines>
                <line number="346" hits="16" branch="True" condition-coverage="50% (2/4)">
                  <conditions>
                    <condition number="19" type="jump" coverage="50%" />
                    <condition number="35" type="jump" coverage="50%" />
                  </conditions>
                </line>
              </lines>
            </method>
            <method name="GetGamepadLabel" signature="(System.String)" line-rate="0.9" branch-rate="0.6" complexity="10">
              <lines>
                <line number="349" hits="25" branch="False" />
                <line number="350" hits="25" branch="True" condition-coverage="100% (2/2)">
                  <conditions>
                    <condition number="14" type="jump" coverage="100%" />
                  </conditions>
                </line>
                <line number="351" hits="1" branch="False" />
                <line number="353" hits="24" branch="True" condition-coverage="50% (2/4)">
                  <conditions>
                    <condition number="50" type="jump" coverage="50%" />
                    <condition number="72" type="jump" coverage="50%" />
                  </conditions>
                </line>
                <line number="354" hits="24" branch="False" />
                <line number="355" hits="0" branch="False" />
                <line number="357" hits="24" branch="True" condition-coverage="50% (2/4)">
                  <conditions>
                    <condition number="102" type="jump" coverage="50%" />
                    <condition number="118" type="jump" coverage="50%" />
                  </conditions>
                </line>
                <line number="358" hits="24" branch="False" />
                <line number="359" hits="24" branch="False" />
                <line number="360" hits="25" branch="False" />
              </lines>
            </method>
            <method name=".ctor" signature="(NEShim.Saves.SaveStateManager,NEShim.Config.AppConfig,NEShim.Localization.LocalizationData,System.Action,System.Action,System.Action,System.Action`1&lt;System.Boolean&gt;,System.Action,System.Action`1&lt;System.Int32&gt;,System.Action`1&lt;NEShim.Audio.AudioFilterMode&gt;,System.Action`1&lt;System.Boolean&gt;)" line-rate="1" branch-rate="1" complexity="1">
              <lines>
                <line number="91" hits="119" branch="False" />
                <line number="92" hits="119" branch="False" />
                <line number="93" hits="119" branch="False" />
                <line number="94" hits="119" branch="False" />
                <line number="95" hits="119" branch="False" />
                <line number="96" hits="119" branch="False" />
                <line number="97" hits="119" branch="False" />
                <line number="98" hits="119" branch="False" />
                <line number="99" hits="119" branch="False" />
                <line number="100" hits="119" branch="False" />
                <line number="101" hits="119" branch="False" />
                <line number="102" hits="119" branch="False" />
                <line number="103" hits="119" branch="False" />
                <line number="104" hits="119" branch="False" />
                <line number="105" hits="119" branch="False" />
                <line number="106" hits="119" branch="False" />
                <line number="107" hits="119" branch="False" />
                <line number="108" hits="119" branch="False" />
                <line number="109" hits="119" branch="False" />
                <line number="110" hits="119" branch="False" />
                <line number="111" hits="119" branch="False" />
                <line number="112" hits="119" branch="False" />
                <line number="113" hits="119" branch="False" />
                <line number="114" hits="119" branch="False" />
                <line number="116" hits="119" branch="False" />
                <line number="117" hits="119" branch="False" />
                <line number="118" hits="119" branch="False" />
                <line number="119" hits="119" branch="False" />
              </lines>
            </method>
          </methods>
          <lines>
            <line number="37" hits="957" branch="False" />
            <line number="38" hits="3499" branch="False" />
            <line number="39" hits="1672" branch="False" />
            <line number="41" hits="864" branch="False" />
            <line number="42" hits="772" branch="False" />
            <line number="43" hits="46" branch="False" />
            <line number="44" hits="1" branch="False" />
            <line number="45" hits="10" branch="False" />
            <line number="46" hits="0" branch="False" />
            <line number="55" hits="5" branch="False" />
            <line number="56" hits="5" branch="True" condition-coverage="100% (2/2)">
              <conditions>
                <condition number="8" type="jump" coverage="100%" />
              </conditions>
            </line>
            <line number="57" hits="5" branch="True" condition-coverage="100% (2/2)">
              <conditions>
                <condition number="24" type="jump" coverage="100%" />
              </conditions>
            </line>
            <line number="58" hits="2" branch="True" condition-coverage="50% (1/2)">
              <conditions>
                <condition number="32" type="jump" coverage="50%" />
              </conditions>
            </line>
            <line number="60" hits="3" branch="True" condition-coverage="100% (2/2)">
              <conditions>
                <condition number="52" type="jump" coverage="100%" />
              </conditions>
            </line>
            <line number="61" hits="2" branch="False" />
            <line number="62" hits="2" branch="False" />
            <line number="63" hits="2" branch="True" condition-coverage="100% (2/2)">
              <conditions>
                <condition number="86" type="jump" coverage="100%" />
              </conditions>
            </line>
            <line number="65" hits="1" branch="True" condition-coverage="50% (1/2)">
              <conditions>
                <condition number="109" type="jump" coverage="50%" />
              </conditions>
            </line>
            <line number="66" hits="0" branch="False" />
            <line number="67" hits="0" branch="False" />
            <line number="68" hits="0" branch="True" condition-coverage="0% (0/2)">
              <conditions>
                <condition number="143" type="jump" coverage="0%" />
              </conditions>
            </line>
            <line number="70" hits="1" branch="False" />
            <line number="71" hits="5" branch="False" />
            <line number="75" hits="4" branch="True" condition-coverage="68.42% (26/38)">
              <conditions>
                <condition number="13" type="jump" coverage="100%" />
                <condition number="21" type="jump" coverage="50%" />
                <condition number="29" type="jump" coverage="0%" />
                <condition number="55" type="jump" coverage="50%" />
                <condition number="81" type="jump" coverage="50%" />
                <condition number="89" type="jump" coverage="0%" />
                <condition number="112" type="jump" coverage="50%" />
                <condition number="42" type="jump" coverage="50%" />
                <condition number="99" type="jump" coverage="50%" />
                <condition number="65" type="jump" coverage="50%" />
                <condition number="122" type="jump" coverage="50%" />
                <condition number="137" type="jump" coverage="100%" />
                <condition number="152" type="jump" coverage="100%" />
                <condition number="167" type="jump" coverage="100%" />
                <condition number="182" type="jump" coverage="100%" />
                <condition number="197" type="jump" coverage="100%" />
                <condition number="212" type="jump" coverage="100%" />
                <condition number="227" type="jump" coverage="100%" />
                <condition number="242" type="jump" coverage="100%" />
              </conditions>
            </line>
            <line number="76" hits="4" branch="False" />
            <line number="78" hits="115" branch="False" />
            <line number="81" hits="40" branch="False" />
            <line number="122" hits="119" branch="False" />
            <line number="123" hits="119" branch="False" />
            <line number="124" hits="119" branch="False" />
            <line number="125" hits="119" branch="False" />
            <line number="126" hits="119" branch="False" />
            <line number="127" hits="119" branch="False" />
            <line number="128" hits="119" branch="False" />
            <line number="129" hits="119" branch="False" />
            <line number="130" hits="119" branch="False" />
            <line number="131" hits="119" branch="False" />
            <line number="132" hits="119" branch="False" />
            <line number="133" hits="4" branch="False" />
            <line number="134" hits="119" branch="False" />
            <line number="135" hits="119" branch="False" />
            <line number="136" hits="4" branch="False" />
            <line number="137" hits="119" branch="False" />
            <line number="138" hits="119" branch="False" />
            <line number="139" hits="4" branch="False" />
            <line number="140" hits="119" branch="False" />
            <line number="141" hits="119" branch="False" />
            <line number="146" hits="116" branch="False" />
            <line number="147" hits="117" branch="True" condition-coverage="100% (2/2)">
              <conditions>
                <condition number="9" type="jump" coverage="100%" />
              </conditions>
            </line>
            <line number="148" hits="115" branch="False" />
            <line number="149" hits="115" branch="False" />
            <line number="150" hits="115" branch="False" />
            <line number="151" hits="115" branch="False" />
            <line number="152" hits="115" branch="False" />
            <line number="153" hits="115" branch="True" condition-coverage="100% (2/2)">
              <conditions>
                <condition number="60" type="jump" coverage="100%" />
              </conditions>
            </line>
            <line number="154" hits="116" branch="False" />
            <line number="157" hits="14" branch="False" />
            <line number="158" hits="15" branch="True" condition-coverage="100% (2/2)">
              <conditions>
                <condition number="12" type="jump" coverage="100%" />
              </conditions>
            </line>
            <line number="159" hits="13" branch="False" />
            <line number="160" hits="13" branch="False" />
            <line number="161" hits="13" branch="False" />
            <line number="162" hits="13" branch="True" condition-coverage="100% (2/2)">
              <conditions>
                <condition number="47" type="jump" coverage="100%" />
              </conditions>
            </line>
            <line number="163" hits="14" branch="False" />
            <line number="168" hits="669" branch="False" />
            <line number="169" hits="670" branch="True" condition-coverage="100% (2/2)">
              <conditions>
                <condition number="12" type="jump" coverage="100%" />
              </conditions>
            </line>
            <line number="170" hits="668" branch="True" condition-coverage="50% (1/2)">
              <conditions>
                <condition number="33" type="jump" coverage="50%" />
              </conditions>
            </line>
            <line number="172" hits="668" branch="True" condition-coverage="100% (2/2)">
              <conditions>
                <condition number="53" type="jump" coverage="100%" />
              </conditions>
            </line>
            <line number="173" hits="3" branch="False" />
            <line number="174" hits="3" branch="True" condition-coverage="100% (2/2)">
              <conditions>
                <condition number="65" type="jump" coverage="100%" />
              </conditions>
            </line>
            <line number="175" hits="1" branch="False" />
            <line number="177" hits="2" branch="False" />
            <line number="178" hits="2" branch="False" />
            <line number="179" hits="2" branch="False" />
            <line number="180" hits="2" branch="False" />
            <line number="181" hits="2" branch="False" />
            <line number="182" hits="3" branch="False" />
            <line number="185" hits="665" branch="True" condition-coverage="100% (2/2)">
              <conditions>
                <condition number="150" type="jump" coverage="100%" />
              </conditions>
            </line>
            <line number="186" hits="1" branch="False" />
            <line number="187" hits="2" branch="True" condition-coverage="100% (2/2)">
              <conditions>
                <condition number="162" type="jump" coverage="100%" />
              </conditions>
            </line>
            <line number="188" hits="1" branch="False" />
            <line number="191" hits="664" branch="True" condition-coverage="100% (4/4)">
              <conditions>
                <condition number="186" type="jump" coverage="100%" />
                <condition number="204" type="jump" coverage="100%" />
              </conditions>
            </line>
            <line number="192" hits="8" branch="False" />
            <line number="193" hits="14" branch="True" condition-coverage="100% (2/2)">
              <conditions>
                <condition number="216" type="jump" coverage="100%" />
              </conditions>
            </line>
            <line number="194" hits="12" branch="True" condition-coverage="100% (2/2)">
              <conditions>
                <condition number="244" type="jump" coverage="100%" />
              </conditions>
            </line>
            <line number="195" hits="4" branch="False" />
            <line number="197" hits="660" branch="True" condition-coverage="85.71% (12/14)">
              <conditions>
                <condition number="274" type="jump" coverage="100%" />
                <condition number="280" type="jump" coverage="100%" />
                <condition number="288" type="jump" coverage="100%" />
                <condition number="304" type="jump" coverage="100%" />
                <condition number="312" type="jump" coverage="100%" />
                <condition number="296" type="jump" coverage="50%" />
                <condition number="320" type="jump" coverage="50%" />
              </conditions>
            </line>
            <line number="200" hits="3" branch="True" condition-coverage="100% (2/2)">
              <conditions>
                <condition number="337" type="jump" coverage="100%" />
              </conditions>
            </line>
            <line number="201" hits="1" branch="False" />
            <line number="203" hits="2" branch="False" />
            <line number="204" hits="3" branch="False" />
            <line number="207" hits="3" branch="False" />
            <line number="208" hits="3" branch="False" />
            <line number="211" hits="480" branch="False" />
            <line number="212" hits="480" branch="False" />
            <line number="217" hits="174" branch="True" condition-coverage="100% (2/2)">
              <conditions>
                <condition number="410" type="jump" coverage="100%" />
              </conditions>
            </line>
            <line number="218" hits="174" branch="False" />
            <line number="219" hits="174" branch="False" />
            <line number="221" hits="0" branch="False" />
            <line number="222" hits="669" branch="False" />
            <line number="232" hits="6" branch="False" />
            <line number="233" hits="7" branch="True" condition-coverage="100% (2/2)">
              <conditions>
                <condition number="12" type="jump" coverage="100%" />
              </conditions>
            </line>
            <line number="235" hits="5" branch="True" condition-coverage="100% (2/2)">
              <conditions>
                <condition number="39" type="jump" coverage="100%" />
              </conditions>
            </line>
            <line number="236" hits="1" branch="False" />
            <line number="237" hits="1" branch="False" />
            <line number="238" hits="1" branch="False" />
            <line number="239" hits="1" branch="False" />
            <line number="240" hits="1" branch="False" />
            <line number="243" hits="4" branch="True" condition-coverage="100% (4/4)">
              <conditions>
                <condition number="100" type="jump" coverage="100%" />
                <condition number="121" type="jump" coverage="100%" />
              </conditions>
            </line>
            <line number="244" hits="1" branch="False" />
            <line number="245" hits="1" branch="False" />
            <line number="246" hits="1" branch="False" />
            <line number="248" hits="3" branch="False" />
            <line number="249" hits="3" branch="False" />
            <line number="250" hits="3" branch="False" />
            <line number="251" hits="3" branch="False" />
            <line number="252" hits="6" branch="False" />
            <line number="255" hits="11" branch="False" />
            <line number="256" hits="13" branch="True" condition-coverage="100% (4/4)">
              <conditions>
                <condition number="7" type="jump" coverage="100%" />
                <condition number="24" type="jump" coverage="100%" />
              </conditions>
            </line>
            <line number="257" hits="9" branch="True" condition-coverage="100% (2/2)">
              <conditions>
                <condition number="43" type="jump" coverage="100%" />
              </conditions>
            </line>
            <line number="258" hits="11" branch="True" condition-coverage="100% (4/4)">
              <conditions>
                <condition number="56" type="jump" coverage="100%" />
                <condition number="72" type="jump" coverage="100%" />
              </conditions>
            </line>
            <line number="260" hits="7" branch="True" condition-coverage="100% (4/4)">
              <conditions>
                <condition number="86" type="jump" coverage="100%" />
                <condition number="102" type="jump" coverage="100%" />
              </conditions>
            </line>
            <line number="261" hits="2" branch="False" />
            <line number="262" hits="5" branch="True" condition-coverage="100% (2/2)">
              <conditions>
                <condition number="116" type="jump" coverage="100%" />
              </conditions>
            </line>
            <line number="263" hits="4" branch="True" condition-coverage="50% (1/2)">
              <conditions>
                <condition number="144" type="jump" coverage="50%" />
              </conditions>
            </line>
            <line number="264" hits="0" branch="False" />
            <line number="266" hits="6" branch="True" condition-coverage="100% (2/2)">
              <conditions>
                <condition number="172" type="jump" coverage="100%" />
              </conditions>
            </line>
            <line number="267" hits="6" branch="True" condition-coverage="100% (2/2)">
              <conditions>
                <condition number="193" type="jump" coverage="100%" />
              </conditions>
            </line>
            <line number="269" hits="5" branch="True" condition-coverage="100% (4/4)">
              <conditions>
                <condition number="210" type="jump" coverage="100%" />
                <condition number="231" type="jump" coverage="100%" />
              </conditions>
            </line>
            <line number="270" hits="1" branch="False" />
            <line number="272" hits="5" branch="True" condition-coverage="100% (2/2)">
              <conditions>
                <condition number="251" type="jump" coverage="100%" />
              </conditions>
            </line>
            <line number="273" hits="2" branch="False" />
            <line number="274" hits="2" branch="True" condition-coverage="100% (2/2)">
              <conditions>
                <condition number="267" type="jump" coverage="100%" />
              </conditions>
            </line>
            <line number="275" hits="1" branch="False" />
            <line number="277" hits="1" branch="False" />
            <line number="278" hits="2" branch="False" />
            <line number="279" hits="11" branch="False" />
            <line number="284" hits="6" branch="False" />
            <line number="285" hits="6" branch="False" />
            <line number="286" hits="8" branch="True" condition-coverage="100% (2/2)">
              <conditions>
                <condition number="39" type="jump" coverage="100%" />
              </conditions>
            </line>
            <line number="287" hits="4" branch="False" />
            <line number="288" hits="4" branch="False" />
            <line number="289" hits="6" branch="False" />
            <line number="292" hits="485" branch="False" />
            <line number="293" hits="485" branch="False" />
            <line number="294" hits="485" branch="False" />
            <line number="295" hits="1112" branch="True" condition-coverage="100% (2/2)">
              <conditions>
                <condition number="65" type="jump" coverage="100%" />
              </conditions>
            </line>
            <line number="296" hits="556" branch="False" />
            <line number="297" hits="556" branch="False" />
            <line number="298" hits="556" branch="True" condition-coverage="100% (2/2)">
              <conditions>
                <condition number="39" type="jump" coverage="100%" />
              </conditions>
            </line>
            <line number="299" hits="485" branch="False" />
            <line number="300" hits="485" branch="False" />
            <line number="301" hits="485" branch="False" />
            <line number="303" hits="71" branch="False" />
            <line number="304" hits="485" branch="False" />
            <line number="307" hits="145" branch="False" />
            <line number="308" hits="145" branch="False" />
            <line number="309" hits="145" branch="False" />
            <line number="310" hits="145" branch="True" condition-coverage="50% (1/2)">
              <conditions>
                <condition number="29" type="jump" coverage="50%" />
              </conditions>
            </line>
            <line number="311" hits="0" branch="False" />
            <line number="312" hits="145" branch="False" />
            <line number="314" hits="175" branch="False" />
            <line number="316" hits="485" branch="True" condition-coverage="50% (1/2)">
              <conditions>
                <condition number="19" type="jump" coverage="50%" />
              </conditions>
            </line>
            <line number="318" hits="3" branch="True" condition-coverage="20% (2/10)">
              <conditions>
                <condition number="7" type="switch" coverage="20%" />
              </conditions>
            </line>
            <line number="319" hits="3" branch="False" />
            <line number="320" hits="2" branch="False" />
            <line number="321" hits="0" branch="False" />
            <line number="322" hits="0" branch="False" />
            <line number="323" hits="0" branch="False" />
            <line number="324" hits="0" branch="False" />
            <line number="325" hits="0" branch="False" />
            <line number="326" hits="0" branch="False" />
            <line number="327" hits="0" branch="False" />
            <line number="328" hits="1" branch="False" />
            <line number="329" hits="0" branch="False" />
            <line number="330" hits="3" branch="False" />
            <line number="335" hits="921" branch="True" condition-coverage="50% (1/2)">
              <conditions>
                <condition number="19" type="jump" coverage="50%" />
              </conditions>
            </line>
            <line number="338" hits="35" branch="True" condition-coverage="50% (1/2)">
              <conditions>
                <condition number="19" type="jump" coverage="50%" />
              </conditions>
            </line>
            <line number="341" hits="23" branch="True" condition-coverage="50% (1/2)">
              <conditions>
                <condition number="19" type="jump" coverage="50%" />
              </conditions>
            </line>
            <line number="346" hits="16" branch="True" condition-coverage="50% (2/4)">
              <conditions>
                <condition number="19" type="jump" coverage="50%" />
                <condition number="35" type="jump" coverage="50%" />
              </conditions>
            </line>
            <line number="349" hits="25" branch="False" />
            <line number="350" hits="25" branch="True" condition-coverage="100% (2/2)">
              <conditions>
                <condition number="14" type="jump" coverage="100%" />
              </conditions>
            </line>
            <line number="351" hits="1" branch="False" />
            <line number="353" hits="24" branch="True" condition-coverage="50% (2/4)">
              <conditions>
                <condition number="50" type="jump" coverage="50%" />
                <condition number="72" type="jump" coverage="50%" />
              </conditions>
            </line>
            <line number="354" hits="24" branch="False" />
            <line number="355" hits="0" branch="False" />
            <line number="357" hits="24" branch="True" condition-coverage="50% (2/4)">
              <conditions>
                <condition number="102" type="jump" coverage="50%" />
                <condition number="118" type="jump" coverage="50%" />
              </conditions>
            </line>
            <line number="358" hits="24" branch="False" />
            <line number="359" hits="24" branch="False" />
            <line number="360" hits="25" branch="False" />
            <line number="91" hits="119" branch="False" />
            <line number="92" hits="119" branch="False" />
            <line number="93" hits="119" branch="False" />
            <line number="94" hits="119" branch="False" />
            <line number="95" hits="119" branch="False" />
            <line number="96" hits="119" branch="False" />
            <line number="97" hits="119" branch="False" />
            <line number="98" hits="119" branch="False" />
            <line number="99" hits="119" branch="False" />
            <line number="100" hits="119" branch="False" />
            <line number="101" hits="119" branch="False" />
            <line number="102" hits="119" branch="False" />
            <line number="103" hits="119" branch="False" />
            <line number="104" hits="119" branch="False" />
            <line number="105" hits="119" branch="False" />
            <line number="106" hits="119" branch="False" />
            <line number="107" hits="119" branch="False" />
            <line number="108" hits="119" branch="False" />
            <line number="109" hits="119" branch="False" />
            <line number="110" hits="119" branch="False" />
            <line number="111" hits="119" branch="False" />
            <line number="112" hits="119" branch="False" />
            <line number="113" hits="119" branch="False" />
            <line number="114" hits="119" branch="False" />
            <line number="116" hits="119" branch="False" />
            <line number="117" hits="119" branch="False" />
            <line number="118" hits="119" branch="False" />
            <line number="119" hits="119" branch="False" />
          </lines>
        </class>
        <class name="NEShim.UI.InGameMenu/ConfirmHandler" filename="NEShim\UI\InGameMenuHandlers\ConfirmHandler.cs" line-rate="1" branch-rate="1" complexity="6">
          <methods>
            <method name="get_Title" signature="()" line-rate="1" branch-rate="1" complexity="1">
              <lines>
                <line number="14" hits="6" branch="False" />
              </lines>
            </method>
            <method name="get_ItemCount" signature="()" line-rate="1" branch-rate="1" complexity="1">
              <lines>
                <line number="15" hits="3" branch="False" />
              </lines>
            </method>
            <method name="GetItems" signature="()" line-rate="1" branch-rate="1" complexity="1">
              <lines>
                <line number="17" hits="10" branch="False" />
              </lines>
            </method>
            <method name="Activate" signature="(System.Int32)" line-rate="1" branch-rate="1" complexity="2">
              <lines>
                <line number="19" hits="6" branch="False" />
                <line number="20" hits="9" branch="True" condition-coverage="100% (2/2)">
                  <conditions>
                    <condition number="7" type="jump" coverage="100%" />
                  </conditions>
                </line>
                <line number="21" hits="3" branch="False" />
                <line number="22" hits="6" branch="False" />
              </lines>
            </method>
            <method name=".ctor" signature="(NEShim.UI.InGameMenu,System.String,System.String,System.Action)" line-rate="1" branch-rate="1" complexity="1">
              <lines>
                <line number="12" hits="2142" branch="False" />
              </lines>
            </method>
          </methods>
          <lines>
            <line number="14" hits="6" branch="False" />
            <line number="15" hits="3" branch="False" />
            <line number="17" hits="10" branch="False" />
            <line number="19" hits="6" branch="False" />
            <line number="20" hits="9" branch="True" condition-coverage="100% (2/2)">
              <conditions>
                <condition number="7" type="jump" coverage="100%" />
              </conditions>
            </line>
            <line number="21" hits="3" branch="False" />
            <line number="22" hits="6" branch="False" />
            <line number="12" hits="2142" branch="False" />
          </lines>
        </class>
        <class name="NEShim.UI.InGameMenu/ControllerDisconnectedHandler" filename="NEShim\UI\InGameMenuHandlers\ControllerDisconnectedHandler.cs" line-rate="0.2" branch-rate="1" complexity="5">
          <methods>
            <method name="get_Title" signature="()" line-rate="0" branch-rate="1" complexity="1">
              <lines>
                <line number="8" hits="0" branch="False" />
              </lines>
            </method>
            <method name="get_ItemCount" signature="()" line-rate="0" branch-rate="1" complexity="1">
              <lines>
                <line number="9" hits="0" branch="False" />
              </lines>
            </method>
            <method name="GetItems" signature="()" line-rate="0" branch-rate="1" complexity="1">
              <lines>
                <line number="10" hits="0" branch="False" />
              </lines>
            </method>
            <method name="Activate" signature="(System.Int32)" line-rate="0" branch-rate="1" complexity="1">
              <lines>
                <line number="11" hits="0" branch="False" />
              </lines>
            </method>
            <method name=".ctor" signature="(NEShim.UI.InGameMenu)" line-rate="1" branch-rate="1" complexity="1">
              <lines>
                <line number="7" hits="357" branch="False" />
              </lines>
            </method>
          </methods>
          <lines>
            <line number="8" hits="0" branch="False" />
            <line number="9" hits="0" branch="False" />
            <line number="10" hits="0" branch="False" />
            <line number="11" hits="0" branch="False" />
            <line number="7" hits="357" branch="False" />
          </lines>
        </class>
        <class name="NEShim.UI.InGameMenu/GamepadBindingsHandler" filename="NEShim\UI\InGameMenuHandlers\GamepadBindingsHandler.cs" line-rate="0.909" branch-rate="0.7" complexity="13">
          <methods>
            <method name="get_Title" signature="()" line-rate="1" branch-rate="1" complexity="2">
              <lines>
                <line number="11" hits="3" branch="True" condition-coverage="100% (2/2)">
                  <conditions>
                    <condition number="11" type="jump" coverage="100%" />
                  </conditions>
                </line>
                <line number="12" hits="3" branch="False" />
                <line number="13" hits="2" branch="False" />
                <line number="14" hits="3" branch="False" />
              </lines>
            </method>
            <method name="get_ItemCount" signature="()" line-rate="1" branch-rate="1" complexity="1">
              <lines>
                <line number="15" hits="16" branch="False" />
              </lines>
            </method>
            <method name="GetItems" signature="()" line-rate="1" branch-rate="1" complexity="1">
              <lines>
                <line number="17" hits="3" branch="False" />
                <line number="18" hits="28" branch="False" />
                <line number="19" hits="28" branch="False" />
                <line number="20" hits="28" branch="False" />
                <line number="21" hits="3" branch="False" />
              </lines>
            </method>
            <method name="IsItemEnabled" signature="(System.Int32)" line-rate="0.6" branch-rate="0.25" complexity="4">
              <lines>
                <line number="23" hits="41" branch="False" />
                <line number="24" hits="82" branch="True" condition-coverage="50% (1/2)">
                  <conditions>
                    <condition number="11" type="jump" coverage="50%" />
                  </conditions>
                </line>
                <line number="25" hits="0" branch="False" />
                <line number="26" hits="0" branch="True" condition-coverage="0% (0/2)">
                  <conditions>
                    <condition number="51" type="jump" coverage="0%" />
                  </conditions>
                </line>
                <line number="27" hits="41" branch="False" />
              </lines>
            </method>
            <method name="Activate" signature="(System.Int32)" line-rate="1" branch-rate="1" complexity="2">
              <lines>
                <line number="29" hits="11" branch="False" />
                <line number="30" hits="11" branch="False" />
                <line number="31" hits="11" branch="True" condition-coverage="100% (2/2)">
                  <conditions>
                    <condition number="37" type="jump" coverage="100%" />
                  </conditions>
                </line>
                <line number="32" hits="1" branch="False" />
                <line number="34" hits="10" branch="False" />
                <line number="35" hits="11" branch="False" />
              </lines>
            </method>
            <method name=".ctor" signature="(NEShim.UI.InGameMenu)" line-rate="1" branch-rate="1" complexity="1">
              <lines>
                <line number="10" hits="357" branch="False" />
              </lines>
            </method>
          </methods>
          <lines>
            <line number="11" hits="3" branch="True" condition-coverage="100% (2/2)">
              <conditions>
                <condition number="11" type="jump" coverage="100%" />
              </conditions>
            </line>
            <line number="12" hits="3" branch="False" />
            <line number="13" hits="2" branch="False" />
            <line number="14" hits="3" branch="False" />
            <line number="15" hits="16" branch="False" />
            <line number="17" hits="3" branch="False" />
            <line number="18" hits="28" branch="False" />
            <line number="19" hits="28" branch="False" />
            <line number="20" hits="28" branch="False" />
            <line number="21" hits="3" branch="False" />
            <line number="23" hits="41" branch="False" />
            <line number="24" hits="82" branch="True" condition-coverage="50% (1/2)">
              <conditions>
                <condition number="11" type="jump" coverage="50%" />
              </conditions>
            </line>
            <line number="25" hits="0" branch="False" />
            <line number="26" hits="0" branch="True" condition-coverage="0% (0/2)">
              <conditions>
                <condition number="51" type="jump" coverage="0%" />
              </conditions>
            </line>
            <line number="27" hits="41" branch="False" />
            <line number="29" hits="11" branch="False" />
            <line number="30" hits="11" branch="False" />
            <line number="31" hits="11" branch="True" condition-coverage="100% (2/2)">
              <conditions>
                <condition number="37" type="jump" coverage="100%" />
              </conditions>
            </line>
            <line number="32" hits="1" branch="False" />
            <line number="34" hits="10" branch="False" />
            <line number="35" hits="11" branch="False" />
            <line number="10" hits="357" branch="False" />
          </lines>
        </class>
        <class name="NEShim.UI.InGameMenu/KeyboardBindingsHandler" filename="NEShim\UI\InGameMenuHandlers\KeyboardBindingsHandler.cs" line-rate="1" branch-rate="1" complexity="9">
          <methods>
            <method name="get_Title" signature="()" line-rate="1" branch-rate="1" complexity="2">
              <lines>
                <line number="10" hits="3" branch="True" condition-coverage="100% (2/2)">
                  <conditions>
                    <condition number="11" type="jump" coverage="100%" />
                  </conditions>
                </line>
                <line number="11" hits="3" branch="False" />
                <line number="12" hits="2" branch="False" />
                <line number="13" hits="3" branch="False" />
              </lines>
            </method>
            <method name="get_ItemCount" signature="()" line-rate="1" branch-rate="1" complexity="1">
              <lines>
                <line number="14" hits="17" branch="False" />
              </lines>
            </method>
            <method name="GetItems" signature="()" line-rate="1" branch-rate="1" complexity="1">
              <lines>
                <line number="16" hits="2" branch="False" />
                <line number="17" hits="18" branch="False" />
                <line number="18" hits="18" branch="False" />
                <line number="19" hits="18" branch="False" />
                <line number="20" hits="2" branch="False" />
              </lines>
            </method>
            <method name="Activate" signature="(System.Int32)" line-rate="1" branch-rate="1" complexity="2">
[...]
            <line number="36" hits="1" branch="False" />
            <line number="37" hits="1" branch="False" />
            <line number="38" hits="1" branch="False" />
            <line number="39" hits="1" branch="False" />
            <line number="40" hits="1" branch="False" />
            <line number="41" hits="1" branch="False" />
          </lines>
        </class>
        <class name="NEShim.Achievements.AchievementManager" filename="NEShim\Achievements\AchievementManager.cs" line-rate="0.9859" branch-rate="0.9411" complexity="34">
          <methods>
            <method name="Tick" signature="()" line-rate="1" branch-rate="1" complexity="16">
              <lines>
                <line number="41" hits="17" branch="False" />
                <line number="42" hits="17" branch="True" condition-coverage="100% (2/2)">
                  <conditions>
                    <condition number="12" type="jump" coverage="100%" />
                  </conditions>
                </line>
                <line number="44" hits="17" branch="True" condition-coverage="100% (2/2)">
                  <conditions>
                    <condition number="35" type="jump" coverage="100%" />
                  </conditions>
                </line>
                <line number="45" hits="1" branch="False" />
                <line number="46" hits="1" branch="True" condition-coverage="100% (2/2)">
                  <conditions>
                    <condition number="49" type="jump" coverage="100%" />
                  </conditions>
                </line>
                <line number="47" hits="1" branch="False" />
                <line number="48" hits="1" branch="False" />
                <line number="49" hits="1" branch="False" />
                <line number="50" hits="1" branch="False" />
                <line number="51" hits="1" branch="False" />
                <line number="54" hits="16" branch="True" condition-coverage="100% (2/2)">
                  <conditions>
                    <condition number="87" type="jump" coverage="100%" />
                  </conditions>
                </line>
                <line number="55" hits="15" branch="False" />
                <line number="56" hits="15" branch="False" />
                <line number="57" hits="15" branch="False" />
                <line number="58" hits="15" branch="False" />
                <line number="60" hits="82" branch="True" condition-coverage="100% (2/2)">
                  <conditions>
                    <condition number="372" type="jump" coverage="100%" />
                  </conditions>
                </line>
                <line number="61" hits="17" branch="False" />
                <line number="62" hits="18" branch="True" condition-coverage="100% (2/2)">
                  <conditions>
                    <condition number="217" type="jump" coverage="100%" />
                  </conditions>
                </line>
                <line number="64" hits="16" branch="False" />
                <line number="65" hits="16" branch="True" condition-coverage="100% (2/2)">
                  <conditions>
                    <condition number="275" type="jump" coverage="100%" />
                  </conditions>
                </line>
                <line number="67" hits="16" branch="True" condition-coverage="100% (2/2)">
                  <conditions>
                    <condition number="322" type="jump" coverage="100%" />
                  </conditions>
                </line>
                <line number="68" hits="9" branch="False" />
                <line number="69" hits="9" branch="False" />
                <line number="70" hits="9" branch="False" />
                <line number="71" hits="9" branch="False" />
                <line number="72" hits="16" branch="False" />
                <line number="73" hits="17" branch="False" />
              </lines>
            </method>
            <method name="ReadRaw" signature="(BizHawk.Emulation.Common.MemoryDomain,System.Int32,System.Int32,System.Boolean)" line-rate="1" branch-rate="1" complexity="4">
              <lines>
                <line number="81" hits="16" branch="False" />
                <line number="82" hits="16" branch="False" />
                <line number="83" hits="74" branch="True" condition-coverage="100% (2/2)">
                  <conditions>
                    <condition number="59" type="jump" coverage="100%" />
                  </conditions>
                </line>
                <line number="84" hits="21" branch="False" />
                <line number="85" hits="21" branch="False" />
                <line number="86" hits="21" branch="True" condition-coverage="100% (2/2)">
                  <conditions>
                    <condition number="23" type="jump" coverage="100%" />
                  </conditions>
                </line>
                <line number="87" hits="6" branch="False" />
                <line number="89" hits="15" branch="False" />
                <line number="90" hits="21" branch="False" />
                <line number="91" hits="16" branch="False" />
                <line number="92" hits="16" branch="False" />
              </lines>
            </method>
            <method name="DecodeBcd" signature="(System.Int64,System.Int32)" line-rate="1" branch-rate="1" complexity="2">
              <lines>
                <line number="101" hits="2" branch="False" />
                <line number="102" hits="2" branch="False" />
                <line number="103" hits="2" branch="False" />
                <line number="105" hits="16" branch="True" condition-coverage="100% (2/2)">
                  <conditions>
                    <condition number="72" type="jump" coverage="100%" />
                  </conditions>
                </line>
                <line number="106" hits="6" branch="False" />
                <line number="107" hits="6" branch="False" />
                <line number="108" hits="6" branch="False" />
                <line number="109" hits="6" branch="False" />
                <line number="110" hits="6" branch="False" />
                <line number="111" hits="6" branch="False" />
                <line number="112" hits="2" branch="False" />
                <line number="113" hits="2" branch="False" />
              </lines>
            </method>
            <method name="Matches" signature="(System.String,System.Int64,System.Int64)" line-rate="0.8887999999999999" branch-rate="0.9" complexity="10">
              <lines>
                <line number="116" hits="16" branch="True" condition-coverage="90% (9/10)">
                  <conditions>
                    <condition number="15" type="jump" coverage="100%" />
                    <condition number="28" type="jump" coverage="100%" />
                    <condition number="41" type="jump" coverage="100%" />
                    <condition number="54" type="jump" coverage="100%" />
                    <condition number="67" type="jump" coverage="50%" />
                  </conditions>
                </line>
                <line number="117" hits="16" branch="False" />
                <line number="118" hits="6" branch="False" />
                <line number="119" hits="4" branch="False" />
                <line number="120" hits="1" branch="False" />
                <line number="121" hits="3" branch="False" />
                <line number="122" hits="2" branch="False" />
                <line number="123" hits="0" branch="False" />
                <line number="124" hits="16" branch="False" />
              </lines>
            </method>
            <method name=".ctor" signature="(BizHawk.Emulation.Common.IMemoryDomains,NEShim.Achievements.GameAchievementConfig,System.Func`1&lt;System.Boolean&gt;,System.Action`1&lt;System.String&gt;)" line-rate="1" branch-rate="0.5" complexity="2">
              <lines>
                <line number="20" hits="16" branch="False" />
                <line number="25" hits="16" branch="False" />
                <line number="26" hits="16" branch="False" />
                <line number="27" hits="16" branch="False" />
                <line number="28" hits="16" branch="False" />
                <line number="29" hits="16" branch="False" />
                <line number="30" hits="16" branch="False" />
                <line number="31" hits="16" branch="True" condition-coverage="50% (1/2)">
                  <conditions>
                    <condition number="38" type="jump" coverage="50%" />
                  </conditions>
                </line>
                <line number="32" hits="16" branch="False" />
                <line number="33" hits="16" branch="False" />
                <line number="34" hits="16" branch="False" />
                <line number="35" hits="16" branch="False" />
              </lines>
            </method>
          </methods>
          <lines>
            <line number="41" hits="17" branch="False" />
            <line number="42" hits="17" branch="True" condition-coverage="100% (2/2)">
              <conditions>
                <condition number="12" type="jump" coverage="100%" />
              </conditions>
            </line>
            <line number="44" hits="17" branch="True" condition-coverage="100% (2/2)">
              <conditions>
                <condition number="35" type="jump" coverage="100%" />
              </conditions>
            </line>
            <line number="45" hits="1" branch="False" />
            <line number="46" hits="1" branch="True" condition-coverage="100% (2/2)">
              <conditions>
                <condition number="49" type="jump" coverage="100%" />
              </conditions>
            </line>
            <line number="47" hits="1" branch="False" />
            <line number="48" hits="1" branch="False" />
            <line number="49" hits="1" branch="False" />
            <line number="50" hits="1" branch="False" />
            <line number="51" hits="1" branch="False" />
            <line number="54" hits="16" branch="True" condition-coverage="100% (2/2)">
              <conditions>
                <condition number="87" type="jump" coverage="100%" />
              </conditions>
            </line>
            <line number="55" hits="15" branch="False" />
            <line number="56" hits="15" branch="False" />
            <line number="57" hits="15" branch="False" />
            <line number="58" hits="15" branch="False" />
            <line number="60" hits="82" branch="True" condition-coverage="100% (2/2)">
              <conditions>
                <condition number="372" type="jump" coverage="100%" />
              </conditions>
            </line>
            <line number="61" hits="17" branch="False" />
            <line number="62" hits="18" branch="True" condition-coverage="100% (2/2)">
              <conditions>
                <condition number="217" type="jump" coverage="100%" />
              </conditions>
            </line>
            <line number="64" hits="16" branch="False" />
            <line number="65" hits="16" branch="True" condition-coverage="100% (2/2)">
              <conditions>
                <condition number="275" type="jump" coverage="100%" />
              </conditions>
            </line>
            <line number="67" hits="16" branch="True" condition-coverage="100% (2/2)">
              <conditions>
                <condition number="322" type="jump" coverage="100%" />
              </conditions>
            </line>
            <line number="68" hits="9" branch="False" />
            <line number="69" hits="9" branch="False" />
            <line number="70" hits="9" branch="False" />
            <line number="71" hits="9" branch="False" />
            <line number="72" hits="16" branch="False" />
            <line number="73" hits="17" branch="False" />
            <line number="81" hits="16" branch="False" />
            <line number="82" hits="16" branch="False" />
            <line number="83" hits="74" branch="True" condition-coverage="100% (2/2)">
              <conditions>
                <condition number="59" type="jump" coverage="100%" />
              </conditions>
            </line>
            <line number="84" hits="21" branch="False" />
            <line number="85" hits="21" branch="False" />
            <line number="86" hits="21" branch="True" condition-coverage="100% (2/2)">
              <conditions>
                <condition number="23" type="jump" coverage="100%" />
              </conditions>
            </line>
            <line number="87" hits="6" branch="False" />
            <line number="89" hits="15" branch="False" />
            <line number="90" hits="21" branch="False" />
            <line number="91" hits="16" branch="False" />
            <line number="92" hits="16" branch="False" />
            <line number="101" hits="2" branch="False" />
            <line number="102" hits="2" branch="False" />
            <line number="103" hits="2" branch="False" />
            <line number="105" hits="16" branch="True" condition-coverage="100% (2/2)">
              <conditions>
                <condition number="72" type="jump" coverage="100%" />
              </conditions>
            </line>
            <line number="106" hits="6" branch="False" />
            <line number="107" hits="6" branch="False" />
            <line number="108" hits="6" branch="False" />
            <line number="109" hits="6" branch="False" />
            <line number="110" hits="6" branch="False" />
            <line number="111" hits="6" branch="False" />
            <line number="112" hits="2" branch="False" />
            <line number="113" hits="2" branch="False" />
            <line number="116" hits="16" branch="True" condition-coverage="90% (9/10)">
              <conditions>
                <condition number="15" type="jump" coverage="100%" />
                <condition number="28" type="jump" coverage="100%" />
                <condition number="41" type="jump" coverage="100%" />
                <condition number="54" type="jump" coverage="100%" />
                <condition number="67" type="jump" coverage="50%" />
              </conditions>
            </line>
            <line number="117" hits="16" branch="False" />
            <line number="118" hits="6" branch="False" />
            <line number="119" hits="4" branch="False" />
            <line number="120" hits="1" branch="False" />
            <line number="121" hits="3" branch="False" />
            <line number="122" hits="2" branch="False" />
            <line number="123" hits="0" branch="False" />
            <line number="124" hits="16" branch="False" />
            <line number="20" hits="16" branch="False" />
            <line number="25" hits="16" branch="False" />
            <line number="26" hits="16" branch="False" />
            <line number="27" hits="16" branch="False" />
            <line number="28" hits="16" branch="False" />
            <line number="29" hits="16" branch="False" />
            <line number="30" hits="16" branch="False" />
            <line number="31" hits="16" branch="True" condition-coverage="50% (1/2)">
              <conditions>
                <condition number="38" type="jump" coverage="50%" />
              </conditions>
            </line>
            <line number="32" hits="16" branch="False" />
            <line number="33" hits="16" branch="False" />
            <line number="34" hits="16" branch="False" />
            <line number="35" hits="16" branch="False" />
          </lines>
        </class>
      </classes>
    </package>
    <package name="seal-achievements" line-rate="1" branch-rate="1" complexity="7">
      <classes>
        <class name="NEShim.SealAchievements.SealingService" filename="NEShim.SealAchievements\SealingService.cs" line-rate="1" branch-rate="1" complexity="6">
          <methods>
            <method name="Seal" signature="(System.Collections.Generic.Dictionary`2&lt;System.String,NEShim.Achievements.GameAchievementConfig&gt;,System.String)" line-rate="1" branch-rate="1" complexity="6">
              <lines>
                <line number="22" hits="12" branch="False" />
                <line number="23" hits="12" branch="False" />
                <line number="24" hits="12" branch="False" />
                <line number="26" hits="62" branch="True" condition-coverage="100% (2/2)">
                  <conditions>
                    <condition number="146" type="jump" coverage="100%" />
                  </conditions>
                </line>
                <line number="27" hits="13" branch="False" />
                <line number="28" hits="75" branch="True" condition-coverage="100% (2/2)">
                  <conditions>
                    <condition number="119" type="jump" coverage="100%" />
                  </conditions>
                </line>
                <line number="29" hits="18" branch="False" />
                <line number="30" hits="18" branch="True" condition-coverage="100% (2/2)">
                  <conditions>
                    <condition number="82" type="jump" coverage="100%" />
                  </conditions>
                </line>
                <line number="31" hits="5" branch="False" />
                <line number="32" hits="5" branch="False" />
                <line number="33" hits="5" branch="False" />
                <line number="36" hits="13" branch="False" />
                <line number="37" hits="13" branch="False" />
                <line number="38" hits="13" branch="False" />
                <line number="39" hits="13" branch="False" />
                <line number="41" hits="12" branch="False" />
                <line number="42" hits="12" branch="False" />
              </lines>
            </method>
          </methods>
          <lines>
            <line number="22" hits="12" branch="False" />
            <line number="23" hits="12" branch="False" />
            <line number="24" hits="12" branch="False" />
            <line number="26" hits="62" branch="True" condition-coverage="100% (2/2)">
              <conditions>
                <condition number="146" type="jump" coverage="100%" />
              </conditions>
            </line>
            <line number="27" hits="13" branch="False" />
            <line number="28" hits="75" branch="True" condition-coverage="100% (2/2)">
              <conditions>
                <condition number="119" type="jump" coverage="100%" />
              </conditions>
            </line>
            <line number="29" hits="18" branch="False" />
            <line number="30" hits="18" branch="True" condition-coverage="100% (2/2)">
              <conditions>
                <condition number="82" type="jump" coverage="100%" />
              </conditions>
            </line>
            <line number="31" hits="5" branch="False" />
            <line number="32" hits="5" branch="False" />
            <line number="33" hits="5" branch="False" />
            <line number="36" hits="13" branch="False" />
            <line number="37" hits="13" branch="False" />
            <line number="38" hits="13" branch="False" />
            <line number="39" hits="13" branch="False" />
            <line number="41" hits="12" branch="False" />
            <line number="42" hits="12" branch="False" />
          </lines>
        </class>
        <class name="NEShim.SealAchievements.SealingService/SealResult" filename="NEShim.SealAchievements\SealingService.cs" line-rate="1" branch-rate="1" complexity="1">
          <methods>
            <method name="get_Sealed" signature="()" line-rate="1" branch-rate="1" complexity="1">
              <lines>
                <line number="11" hits="9" branch="False" />
              </lines>
            </method>
          </methods>
          <lines>
            <line number="11" hits="9" branch="False" />
          </lines>
        </class>
      </classes>
    </package>
  </packages>
</coverage>